<?xml version="1.0" encoding="UTF-8"?>
<!-- Generated by org.testng.reporters.JUnitXMLReporter -->
<testsuite ignored="0" hostname="ip-172-31-41-147" failures="1" tests="3" name="Default test" time="0.352" errors="0" timestamp="2026-02-01T16:20:03 UTC">
  <testcase classname="Attributes.Att_TimeOut" name="ts" time="0.01"/>
  <testcase classname="Attributes.Att_TimeOut" name="ts1" time="0.305">
    <failure type="org.testng.internal.thread.ThreadTimeoutException" message="Method Attributes.Att_TimeOut.ts1() didn&amp;apos;t finish within the time-out 300">
      <![CDATA[org.testng.internal.thread.ThreadTimeoutException: Method Attributes.Att_TimeOut.ts1() didn't finish within the time-out 300
at java.base/java.lang.Thread.sleep0(Native Method)
at java.base/java.lang.Thread.sleep(Thread.java:509)
at Attributes.Att_TimeOut.ts1(Att_TimeOut.java:13)
at java.base/jdk.internal.reflect.DirectMethodHandleAccessor.invoke(DirectMethodHandleAccessor.java:103)
at java.base/java.lang.reflect.Method.invoke(Method.java:580)
at org.testng.internal.invokers.MethodInvocationHelper.invokeMethod(MethodInvocationHelper.java:141)
at org.testng.internal.invokers.InvokeMethodRunnable.runOne(InvokeMethodRunnable.java:47)
at org.testng.internal.invokers.InvokeMethodRunnable.call(InvokeMethodRunnable.java:76)
at org.testng.internal.invokers.InvokeMethodRunnable.call(InvokeMethodRunnable.java:11)
at java.base/java.util.concurrent.FutureTask.run(FutureTask.java:317)
at java.base/java.util.concurrent.ThreadPoolExecutor.runWorker(ThreadPoolExecutor.java:1144)
at java.base/java.util.concurrent.ThreadPoolExecutor$Worker.run(ThreadPoolExecutor.java:642)
at java.base/java.lang.Thread.run(Thread.java:1583)
]]>
    </failure>
  </testcase> <!-- ts1 -->
  <testcase classname="Attributes.Att_TimeOut" name="ts2" time="0.001"/>
</testsuite> <!-- Default test -->
