<?xml version="1.0" encoding="UTF-8"?>
<!-- Generated by org.testng.reporters.JUnitReportReporter -->
<testsuite hostname="ip-172-31-41-147" failures="0" tests="3" name="Attributes.Attribute_Priority" time="0.013" errors="0" timestamp="2026-01-31T13:13:44 UTC" skipped="0">
  <testcase classname="Attributes.Attribute_Priority" name="P2" time="0.010"/>
  <testcase classname="Attributes.Attribute_Priority" name="P1" time="0.002"/>
  <testcase classname="Attributes.Attribute_Priority" name="P3" time="0.001"/>
</testsuite> <!-- Attributes.Attribute_Priority -->
