<?xml version="1.0" encoding="UTF-8"?>
<!-- Generated by org.testng.reporters.JUnitReportReporter -->
<testsuite hostname="ip-172-31-41-147" failures="0" tests="4" name="Attributes.Attribute_grp" time="0.012" errors="0" timestamp="2026-01-20T11:53:51 UTC" skipped="0">
  <testcase classname="Attributes.Attribute_grp" name="G1" time="0.008"/>
  <testcase classname="Attributes.Attribute_grp" name="G3" time="0.001"/>
  <testcase classname="Attributes.Attribute_grp" name="G4" time="0.002"/>
  <testcase classname="Attributes.Attribute_grp" name="G2" time="0.001"/>
</testsuite> <!-- Attributes.Attribute_grp -->
