<?xml version="1.0" encoding="UTF-8"?>
<!-- Generated by org.testng.reporters.JUnitXMLReporter -->
<testsuite ignored="0" hostname="ip-172-31-41-147" failures="0" tests="4" name="Test" time="0.048" errors="0" timestamp="2026-01-26T06:15:33 UTC">
  <testcase classname="Attributes.Attributes_enab" name="t1" time="0.008"/>
  <testcase classname="Attributes.Attributes_enab" name="t2" time="0.008"/>
  <testcase classname="Attributes.Attributes_Describe" name="D1" time="0.008"/>
  <testcase classname="Attributes.Attributes_Describe" name="D2" time="0.001"/>
</testsuite> <!-- Test -->
