<?xml version="1.0" encoding="UTF-8"?>
<testng-results ignored="0" total="1" passed="1" failed="0" skipped="0">
  <reporter-output>
  </reporter-output>
  <suite started-at="2026-02-01T12:18:12 UTC" name="Default suite" finished-at="2026-02-01T12:18:14 UTC" duration-ms="2171">
    <groups>
    </groups>
    <test started-at="2026-02-01T12:18:12 UTC" name="Default test" finished-at="2026-02-01T12:18:14 UTC" duration-ms="2171">
      <class name="extent_report.NG_selenium">
        <test-method is-config="true" signature="starttest()[pri:0, instance:extent_report.NG_selenium@75d4a5c2]" started-at="2026-02-01T12:18:12 UTC" name="starttest" finished-at="2026-02-01T12:18:12 UTC" duration-ms="93" status="PASS">
          <reporter-output>
          </reporter-output>
        </test-method> <!-- starttest -->
        <test-method signature="extentest()[pri:0, instance:extent_report.NG_selenium@75d4a5c2]" started-at="2026-02-01T12:18:12 UTC" name="extentest" finished-at="2026-02-01T12:18:14 UTC" duration-ms="1841" status="PASS">
          <reporter-output>
          </reporter-output>
        </test-method> <!-- extentest -->
        <test-method is-config="true" signature="teardown()[pri:0, instance:extent_report.NG_selenium@75d4a5c2]" started-at="2026-02-01T12:18:14 UTC" name="teardown" finished-at="2026-02-01T12:18:14 UTC" duration-ms="208" status="PASS">
          <reporter-output>
          </reporter-output>
        </test-method> <!-- teardown -->
      </class> <!-- extent_report.NG_selenium -->
    </test> <!-- Default test -->
  </suite> <!-- Default suite -->
</testng-results>
