<?xml version="1.0" encoding="UTF-8"?>
<testng-results ignored="0" total="3" passed="2" failed="1" skipped="0">
  <reporter-output>
  </reporter-output>
  <suite started-at="2026-02-01T16:20:02 UTC" name="Default suite" finished-at="2026-02-01T16:20:03 UTC" duration-ms="352">
    <groups>
    </groups>
    <test started-at="2026-02-01T16:20:02 UTC" name="Default test" finished-at="2026-02-01T16:20:03 UTC" duration-ms="352">
      <class name="Attributes.Att_TimeOut">
        <test-method signature="ts()[pri:0, instance:Attributes.Att_TimeOut@1fa268de]" started-at="2026-02-01T16:20:02 UTC" name="ts" finished-at="2026-02-01T16:20:02 UTC" duration-ms="10" status="PASS">
          <reporter-output>
          </reporter-output>
        </test-method> <!-- ts -->
        <test-method signature="ts1()[pri:0, instance:Attributes.Att_TimeOut@1fa268de]" started-at="2026-02-01T16:20:02 UTC" name="ts1" finished-at="2026-02-01T16:20:03 UTC" duration-ms="305" status="FAIL">
          <exception class="org.testng.internal.thread.ThreadTimeoutException">
            <message>
              <![CDATA[Method Attributes.Att_TimeOut.ts1() didn't finish within the time-out 300]]>
            </message>
            <full-stacktrace>
              <![CDATA[org.testng.internal.thread.ThreadTimeoutException: Method Attributes.Att_TimeOut.ts1() didn't finish within the time-out 300
at java.base/java.lang.Thread.sleep0(Native Method)
at java.base/java.lang.Thread.sleep(Thread.java:509)
at Attributes.Att_TimeOut.ts1(Att_TimeOut.java:13)
at java.base/jdk.internal.reflect.DirectMethodHandleAccessor.invoke(DirectMethodHandleAccessor.java:103)
at java.base/java.lang.reflect.Method.invoke(Method.java:580)
at org.testng.internal.invokers.MethodInvocationHelper.invokeMethod(MethodInvocationHelper.java:141)
at org.testng.internal.invokers.InvokeMethodRunnable.runOne(InvokeMethodRunnable.java:47)
at org.testng.internal.invokers.InvokeMethodRunnable.call(InvokeMethodRunnable.java:76)
at org.testng.internal.invokers.InvokeMethodRunnable.call(InvokeMethodRunnable.java:11)
at java.base/java.util.concurrent.FutureTask.run(FutureTask.java:317)
at java.base/java.util.concurrent.ThreadPoolExecutor.runWorker(ThreadPoolExecutor.java:1144)
at java.base/java.util.concurrent.ThreadPoolExecutor$Worker.run(ThreadPoolExecutor.java:642)
at java.base/java.lang.Thread.run(Thread.java:1583)
]]>
            </full-stacktrace>
          </exception> <!-- org.testng.internal.thread.ThreadTimeoutException -->
          <reporter-output>
          </reporter-output>
        </test-method> <!-- ts1 -->
        <test-method signature="ts2()[pri:0, instance:Attributes.Att_TimeOut@1fa268de]" started-at="2026-02-01T16:20:03 UTC" name="ts2" finished-at="2026-02-01T16:20:03 UTC" duration-ms="1" status="PASS">
          <reporter-output>
          </reporter-output>
        </test-method> <!-- ts2 -->
      </class> <!-- Attributes.Att_TimeOut -->
    </test> <!-- Default test -->
  </suite> <!-- Default suite -->
</testng-results>
